The system is: Linux - 4.18.0-425.19.2.el8_7.x86_64 - x86_64
Compiling the C compiler identification source file "CMakeCCompilerId.c" succeeded.
Compiler: /leonardo/prod/spack/5.2/install/0.21/linux-rhel8-icelake/gcc-8.5.0/nvhpc-24.3-v63z4inohb4ywjeggzhlhiuvuoejr2le/Linux_x86_64/24.3/compilers/bin/nvc 
Build flags: 
Id flags:  

The output was:
0


Compilation of the C compiler identification source "CMakeCCompilerId.c" produced "a.out"

The C compiler identification is NVHPC, found in "/leonardo_scratch/large/userinternal/nshukla1/myGIT/OpenX/patch_acc/build/CMakeFiles/3.20.2/CompilerIdC/a.out"

Compiling the CXX compiler identification source file "CMakeCXXCompilerId.cpp" succeeded.
Compiler: /leonardo/prod/spack/5.2/install/0.21/linux-rhel8-icelake/gcc-8.5.0/nvhpc-24.3-v63z4inohb4ywjeggzhlhiuvuoejr2le/Linux_x86_64/24.3/compilers/bin/nvc++ 
Build flags: 
Id flags:  

The output was:
0


Compilation of the CXX compiler identification source "CMakeCXXCompilerId.cpp" produced "a.out"

The CXX compiler identification is NVHPC, found in "/leonardo_scratch/large/userinternal/nshukla1/myGIT/OpenX/patch_acc/build/CMakeFiles/3.20.2/CompilerIdCXX/a.out"

Detecting C compiler ABI info compiled with the following output:
Change Dir: /leonardo_scratch/large/userinternal/nshukla1/myGIT/OpenX/patch_acc/build/CMakeFiles/CMakeTmp

Run Build Command(s):/usr/bin/gmake -f Makefile cmTC_66d5f/fast && /usr/bin/gmake  -f CMakeFiles/cmTC_66d5f.dir/build.make CMakeFiles/cmTC_66d5f.dir/build
gmake[1]: Entering directory '/leonardo_scratch/large/userinternal/nshukla1/myGIT/OpenX/patch_acc/build/CMakeFiles/CMakeTmp'
Building C object CMakeFiles/cmTC_66d5f.dir/CMakeCCompilerABI.c.o
/leonardo/prod/spack/5.2/install/0.21/linux-rhel8-icelake/gcc-8.5.0/nvhpc-24.3-v63z4inohb4ywjeggzhlhiuvuoejr2le/Linux_x86_64/24.3/compilers/bin/nvc   -v -o CMakeFiles/cmTC_66d5f.dir/CMakeCCompilerABI.c.o -c /usr/share/cmake/Modules/CMakeCCompilerABI.c
Export NVCOMPILER=/leonardo/prod/spack/5.2/install/0.21/linux-rhel8-icelake/gcc-8.5.0/nvhpc-24.3-v63z4inohb4ywjeggzhlhiuvuoejr2le/Linux_x86_64/24.3
Export PGI=/leonardo/prod/spack/5.2/install/0.21/linux-rhel8-icelake/gcc-8.5.0/nvhpc-24.3-v63z4inohb4ywjeggzhlhiuvuoejr2le

/leonardo/prod/spack/5.2/install/0.21/linux-rhel8-icelake/gcc-8.5.0/nvhpc-24.3-v63z4inohb4ywjeggzhlhiuvuoejr2le/Linux_x86_64/24.3/compilers/bin/tools/nvcpfe -- --llalign -D__GNUC__=8 -D__GNUC_MINOR__=5 -D__GNUC_PATCHLEVEL__=0 -D__unix -D__unix__ -Dunix -Dlinux -D__linux -D__linux__ -D__NO_MATH_INLINES -D__LP64__ -D__x86_64 -D__x86_64__ -D__LONG_MAX__=9223372036854775807L '-D__SIZE_TYPE__=unsigned long int' '-D__PTRDIFF_TYPE__=long int' -D__amd64 -D__amd64__ -D__k8 -D__k8__ -D__MMX__ -D__SSE_MATH__ -D__MMX_WITH_SSE__ -D__SSE__ -D__SSE2__ -D__SSE2_MATH__ -D__SSE3__ -D__SSSE3__ -D__SSE4_1__ -D__SSE4_2__ -D__ABM__ -D__ADX__ -D__AES__ -D__AVX__ -D__AVX2__ -D__AVX512BITALG__ -D__AVX512BW__ -D__AVX512CD__ -D__AVX512DQ__ -D__AVX512F__ -D__AVX512IFMA__ -D__AVX512VBMI__ -D__AVX512VBMI2__ -D__AVX512VL__ -D__AVX512VNNI__ -D__AVX512VPOPCNTDQ__ -D__BMI__ -D__BMI2__ -D__CLFLUSHOPT__ -D__CLWB__ -D__CX16__ -D__F16C__ -D__FMA__ -D__FSGSBASE__ -D__FXSR__ -D__GFNI__ -D__LZCNT__ -D__MOVBE__ -D__PCLMUL__ -D__PCONFIG__ -D__PKU__ -D__POPCNT__ -D__PRFCHW__ -D__RDPID__ -D__RDRND__ -D__RDSEED__ -D__LAHF_SAHF__ -D__SGX__ -D__SHA__ -D__VAES__ -D__VPCLMULQDQ__ -D__WBNOINVD__ -D__XSAVE__ -D__XSAVEC__ -D__XSAVEOPT__ -D__XSAVES__ -D__PGI -D__NVCOMPILER -D_PGCG_SOURCE --c -I- -I/leonardo/prod/spack/5.2/install/0.21/linux-rhel8-icelake/gcc-8.5.0/nvhpc-24.3-v63z4inohb4ywjeggzhlhiuvuoejr2le/Linux_x86_64/24.3/math_libs/include --sys_include /leonardo/prod/spack/5.2/install/0.21/linux-rhel8-icelake/gcc-8.5.0/nvhpc-24.3-v63z4inohb4ywjeggzhlhiuvuoejr2le/Linux_x86_64/24.3/compilers/include --sys_include /leonardo/prod/spack/5.2/install/0.21/linux-rhel8-icelake/gcc-8.5.0/nvhpc-24.3-v63z4inohb4ywjeggzhlhiuvuoejr2le/Linux_x86_64/24.3/compilers/include-stdexec --sys_include /usr/lib/gcc/x86_64-redhat-linux/8/include --sys_include /usr/local/include --sys_include /usr/include -D__PGLLVM__ -D__NVCOMPILER_LLVM__ -D__extension__= --preinclude _cplus_preinclude.h --preinclude_macros _cplus_macros.h --gnu_version=80500 -D__pgnu_vsn=80500 --no_fixed_bp -q -o /tmp/nvciPbwoyq6Z9jnI.il /usr/share/cmake/Modules/CMakeCCompilerABI.c -- /usr/share/cmake/Modules/CMakeCCompilerABI.c -opt 1 -x 119 0xa10000 -x 122 0x40 -x 123 0x1000 -x 127 4 -x 127 17 -x 19 0x400000 -x 28 0x40000 -x 120 0x10000000 -x 70 0x8000 -x 122 1 -x 125 0x20000 -quad -x 59 4 -tp icelake-server -x 120 0x1000 -astype 0 -x 121 1 -fn /usr/share/cmake/Modules/CMakeCCompilerABI.c -il /tmp/nvciPbwoyq6Z9jnI.il -x 123 0x80000000 -x 123 4 -x 2 0x400 -x 209 0x10 -x 119 0x20 -def __pgnu_vsn=80500 -x 70 0x40000000 -x 183 4 -x 121 0x800 -x 6 0x20000 -x 122 0x400000 -y 125 0x100000 -x 249 170 -x 120 0x200000 -x 70 0x40000000 -x 8 0x40000000 -x 164 0x800000 -x 71 0x2000 -x 71 0x4000 -x 34 0x40000000 -x 120 0x1000000 -x 73 0x04 -x 231 0x800 -x 68 0x1 -x 39 4 -x 56 0x10 -x 26 0x10 -x 26 1 -x 56 0x4000 -x 197 0 -x 175 0 -x 203 0 -x 204 0 -x 227 0xFFFF -y 163 0xc0000000 -x 189 0x10 -y 189 0x4000000 -x 60 512 -gnuvsn 80500 -x 69 0x200 -x 123 0x400 -cmdline '+nvc /usr/share/cmake/Modules/CMakeCCompilerABI.c -v -o CMakeFiles/cmTC_66d5f.dir/CMakeCCompilerABI.c.o -c' -asm /tmp/nvciPbwoyUU0uZVh.ll
NVC++/x86-64 Linux 24.3-0: compilation successful

/leonardo/prod/spack/5.2/install/0.21/linux-rhel8-icelake/gcc-8.5.0/nvhpc-24.3-v63z4inohb4ywjeggzhlhiuvuoejr2le/Linux_x86_64/24.3/compilers/share/llvm/bin/llc /tmp/nvciPbwoyUU0uZVh.ll -march=x86-64 -mcpu=native -mattr=+mmx -mattr=+sse -mattr=+sse2 -mattr=+sse3 -mattr=+ssse3 -mattr=+sse4.1 -mattr=+sse4.2 -mattr=+avx -mattr=+avx2 -mattr=+avx512f -mattr=+avx512cd -mattr=+avx512vl -mattr=+avx512bw -mattr=+avx512dq -mattr=+avx512ifma -mattr=+avx512vbmi -mattr=+avx512vbmi2 -mattr=+avx512bitalg -mattr=+avx512vpopcntdq -mattr=+avx512vnni -mattr=+f16c -mattr=+fma -mattr=+xsave -mattr=+xsaveopt -mattr=+xsavec -mattr=+xsaves -mattr=+popcnt -mattr=+sha -mattr=+aes -mattr=+pclmul -mattr=+clflushopt -mattr=+fsgsbase -mattr=+rdrnd -mattr=+bmi -mattr=+bmi2 -mattr=+lzcnt -mattr=+fxsr -mattr=+pku -mattr=+gfni -mattr=+vaes -mattr=+vpclmulqdq -mattr=+adx -mattr=+clwb -mattr=+cx16 -mattr=+movbe -mattr=+pconfig -mattr=+prfchw -mattr=+rdpid -mattr=+rdseed -mattr=+sahf -mattr=+sgx -mattr=+wbnoinvd -O1 -x86-cmov-converter=0 -dwarf-directory=false -non-global-value-max-name-size=4294967295 --align-all-functions=6 -nvhpc-memzero -filetype=obj --frame-pointer=none -o CMakeFiles/cmTC_66d5f.dir/CMakeCCompilerABI.c.o
Unlinking /tmp/nvciPbwoyq6Z9jnI.il
Unlinking /tmp/nvciPbwoytm3mchy.s
Unlinking /tmp/nvciPbwoyUU0uZVh.ll
Unlinking /tmp/nvciPbwoyHK_dros.llvm
Linking C executable cmTC_66d5f
/usr/bin/cmake -E cmake_link_script CMakeFiles/cmTC_66d5f.dir/link.txt --verbose=1
/leonardo/prod/spack/5.2/install/0.21/linux-rhel8-icelake/gcc-8.5.0/nvhpc-24.3-v63z4inohb4ywjeggzhlhiuvuoejr2le/Linux_x86_64/24.3/compilers/bin/nvc  -v CMakeFiles/cmTC_66d5f.dir/CMakeCCompilerABI.c.o -o cmTC_66d5f 
Export NVCOMPILER=/leonardo/prod/spack/5.2/install/0.21/linux-rhel8-icelake/gcc-8.5.0/nvhpc-24.3-v63z4inohb4ywjeggzhlhiuvuoejr2le/Linux_x86_64/24.3
Export PGI=/leonardo/prod/spack/5.2/install/0.21/linux-rhel8-icelake/gcc-8.5.0/nvhpc-24.3-v63z4inohb4ywjeggzhlhiuvuoejr2le

/usr/bin/ld /usr/lib64/crt1.o /usr/lib64/crti.o /usr/lib/gcc/x86_64-redhat-linux/8//crtbegin.o --eh-frame-hdr -m elf_x86_64 -dynamic-linker /lib64/ld-linux-x86-64.so.2 -T /leonardo/prod/spack/5.2/install/0.21/linux-rhel8-icelake/gcc-8.5.0/nvhpc-24.3-v63z4inohb4ywjeggzhlhiuvuoejr2le/Linux_x86_64/24.3/compilers/lib/nvhpc.ld -L/leonardo/prod/spack/5.2/install/0.21/linux-rhel8-icelake/gcc-8.5.0/nvhpc-24.3-v63z4inohb4ywjeggzhlhiuvuoejr2le/Linux_x86_64/24.3/compilers/lib -L/leonardo/prod/spack/5.2/install/0.21/linux-rhel8-icelake/gcc-8.5.0/nvhpc-24.3-v63z4inohb4ywjeggzhlhiuvuoejr2le/Linux_x86_64/24.3/compilers/lib -L/usr/lib64 -L/usr/lib/gcc/x86_64-redhat-linux/8/ CMakeFiles/cmTC_66d5f.dir/CMakeCCompilerABI.c.o -rpath /leonardo/prod/spack/5.2/install/0.21/linux-rhel8-icelake/gcc-8.5.0/nvhpc-24.3-v63z4inohb4ywjeggzhlhiuvuoejr2le/Linux_x86_64/24.3/compilers/lib -o cmTC_66d5f -L/usr/lib/gcc/x86_64-redhat-linux/8//../../../../lib64 -lnvomp -ldl --as-needed -lnvhpcatm -latomic --no-as-needed -lpthread -lnvcpumath -lnsnvc -lnvc -lgcc -lc -lgcc_s -lm /usr/lib/gcc/x86_64-redhat-linux/8//crtend.o /usr/lib64/crtn.o
gmake[1]: Leaving directory '/leonardo_scratch/large/userinternal/nshukla1/myGIT/OpenX/patch_acc/build/CMakeFiles/CMakeTmp'



Parsed C implicit include dir info from above output: rv=start
  warn: unable to parse implicit include dirs!


Parsed C implicit link information from above output:
  link line regex: [^( *|.*[/\])(ld|CMAKE_LINK_STARTFILE-NOTFOUND|([^/\]+-)?ld|collect2)[^/\]*( |$)]
  ignore line: [Change Dir: /leonardo_scratch/large/userinternal/nshukla1/myGIT/OpenX/patch_acc/build/CMakeFiles/CMakeTmp]
  ignore line: []
  ignore line: [Run Build Command(s):/usr/bin/gmake -f Makefile cmTC_66d5f/fast && /usr/bin/gmake  -f CMakeFiles/cmTC_66d5f.dir/build.make CMakeFiles/cmTC_66d5f.dir/build]
  ignore line: [gmake[1]: Entering directory '/leonardo_scratch/large/userinternal/nshukla1/myGIT/OpenX/patch_acc/build/CMakeFiles/CMakeTmp']
  ignore line: [Building C object CMakeFiles/cmTC_66d5f.dir/CMakeCCompilerABI.c.o]
  ignore line: [/leonardo/prod/spack/5.2/install/0.21/linux-rhel8-icelake/gcc-8.5.0/nvhpc-24.3-v63z4inohb4ywjeggzhlhiuvuoejr2le/Linux_x86_64/24.3/compilers/bin/nvc   -v -o CMakeFiles/cmTC_66d5f.dir/CMakeCCompilerABI.c.o -c /usr/share/cmake/Modules/CMakeCCompilerABI.c]
  ignore line: [Export NVCOMPILER=/leonardo/prod/spack/5.2/install/0.21/linux-rhel8-icelake/gcc-8.5.0/nvhpc-24.3-v63z4inohb4ywjeggzhlhiuvuoejr2le/Linux_x86_64/24.3]
  ignore line: [Export PGI=/leonardo/prod/spack/5.2/install/0.21/linux-rhel8-icelake/gcc-8.5.0/nvhpc-24.3-v63z4inohb4ywjeggzhlhiuvuoejr2le]
  ignore line: []
  ignore line: [/leonardo/prod/spack/5.2/install/0.21/linux-rhel8-icelake/gcc-8.5.0/nvhpc-24.3-v63z4inohb4ywjeggzhlhiuvuoejr2le/Linux_x86_64/24.3/compilers/bin/tools/nvcpfe -- --llalign -D__GNUC__=8 -D__GNUC_MINOR__=5 -D__GNUC_PATCHLEVEL__=0 -D__unix -D__unix__ -Dunix -Dlinux -D__linux -D__linux__ -D__NO_MATH_INLINES -D__LP64__ -D__x86_64 -D__x86_64__ -D__LONG_MAX__=9223372036854775807L '-D__SIZE_TYPE__=unsigned long int' '-D__PTRDIFF_TYPE__=long int' -D__amd64 -D__amd64__ -D__k8 -D__k8__ -D__MMX__ -D__SSE_MATH__ -D__MMX_WITH_SSE__ -D__SSE__ -D__SSE2__ -D__SSE2_MATH__ -D__SSE3__ -D__SSSE3__ -D__SSE4_1__ -D__SSE4_2__ -D__ABM__ -D__ADX__ -D__AES__ -D__AVX__ -D__AVX2__ -D__AVX512BITALG__ -D__AVX512BW__ -D__AVX512CD__ -D__AVX512DQ__ -D__AVX512F__ -D__AVX512IFMA__ -D__AVX512VBMI__ -D__AVX512VBMI2__ -D__AVX512VL__ -D__AVX512VNNI__ -D__AVX512VPOPCNTDQ__ -D__BMI__ -D__BMI2__ -D__CLFLUSHOPT__ -D__CLWB__ -D__CX16__ -D__F16C__ -D__FMA__ -D__FSGSBASE__ -D__FXSR__ -D__GFNI__ -D__LZCNT__ -D__MOVBE__ -D__PCLMUL__ -D__PCONFIG__ -D__PKU__ -D__POPCNT__ -D__PRFCHW__ -D__RDPID__ -D__RDRND__ -D__RDSEED__ -D__LAHF_SAHF__ -D__SGX__ -D__SHA__ -D__VAES__ -D__VPCLMULQDQ__ -D__WBNOINVD__ -D__XSAVE__ -D__XSAVEC__ -D__XSAVEOPT__ -D__XSAVES__ -D__PGI -D__NVCOMPILER -D_PGCG_SOURCE --c -I- -I/leonardo/prod/spack/5.2/install/0.21/linux-rhel8-icelake/gcc-8.5.0/nvhpc-24.3-v63z4inohb4ywjeggzhlhiuvuoejr2le/Linux_x86_64/24.3/math_libs/include --sys_include /leonardo/prod/spack/5.2/install/0.21/linux-rhel8-icelake/gcc-8.5.0/nvhpc-24.3-v63z4inohb4ywjeggzhlhiuvuoejr2le/Linux_x86_64/24.3/compilers/include --sys_include /leonardo/prod/spack/5.2/install/0.21/linux-rhel8-icelake/gcc-8.5.0/nvhpc-24.3-v63z4inohb4ywjeggzhlhiuvuoejr2le/Linux_x86_64/24.3/compilers/include-stdexec --sys_include /usr/lib/gcc/x86_64-redhat-linux/8/include --sys_include /usr/local/include --sys_include /usr/include -D__PGLLVM__ -D__NVCOMPILER_LLVM__ -D__extension__= --preinclude _cplus_preinclude.h --preinclude_macros _cplus_macros.h --gnu_version=80500 -D__pgnu_vsn=80500 --no_fixed_bp -q -o /tmp/nvciPbwoyq6Z9jnI.il /usr/share/cmake/Modules/CMakeCCompilerABI.c -- /usr/share/cmake/Modules/CMakeCCompilerABI.c -opt 1 -x 119 0xa10000 -x 122 0x40 -x 123 0x1000 -x 127 4 -x 127 17 -x 19 0x400000 -x 28 0x40000 -x 120 0x10000000 -x 70 0x8000 -x 122 1 -x 125 0x20000 -quad -x 59 4 -tp icelake-server -x 120 0x1000 -astype 0 -x 121 1 -fn /usr/share/cmake/Modules/CMakeCCompilerABI.c -il /tmp/nvciPbwoyq6Z9jnI.il -x 123 0x80000000 -x 123 4 -x 2 0x400 -x 209 0x10 -x 119 0x20 -def __pgnu_vsn=80500 -x 70 0x40000000 -x 183 4 -x 121 0x800 -x 6 0x20000 -x 122 0x400000 -y 125 0x100000 -x 249 170 -x 120 0x200000 -x 70 0x40000000 -x 8 0x40000000 -x 164 0x800000 -x 71 0x2000 -x 71 0x4000 -x 34 0x40000000 -x 120 0x1000000 -x 73 0x04 -x 231 0x800 -x 68 0x1 -x 39 4 -x 56 0x10 -x 26 0x10 -x 26 1 -x 56 0x4000 -x 197 0 -x 175 0 -x 203 0 -x 204 0 -x 227 0xFFFF -y 163 0xc0000000 -x 189 0x10 -y 189 0x4000000 -x 60 512 -gnuvsn 80500 -x 69 0x200 -x 123 0x400 -cmdline '+nvc /usr/share/cmake/Modules/CMakeCCompilerABI.c -v -o CMakeFiles/cmTC_66d5f.dir/CMakeCCompilerABI.c.o -c' -asm /tmp/nvciPbwoyUU0uZVh.ll]
  ignore line: [NVC++/x86-64 Linux 24.3-0: compilation successful]
  ignore line: []
  ignore line: [/leonardo/prod/spack/5.2/install/0.21/linux-rhel8-icelake/gcc-8.5.0/nvhpc-24.3-v63z4inohb4ywjeggzhlhiuvuoejr2le/Linux_x86_64/24.3/compilers/share/llvm/bin/llc /tmp/nvciPbwoyUU0uZVh.ll -march=x86-64 -mcpu=native -mattr=+mmx -mattr=+sse -mattr=+sse2 -mattr=+sse3 -mattr=+ssse3 -mattr=+sse4.1 -mattr=+sse4.2 -mattr=+avx -mattr=+avx2 -mattr=+avx512f -mattr=+avx512cd -mattr=+avx512vl -mattr=+avx512bw -mattr=+avx512dq -mattr=+avx512ifma -mattr=+avx512vbmi -mattr=+avx512vbmi2 -mattr=+avx512bitalg -mattr=+avx512vpopcntdq -mattr=+avx512vnni -mattr=+f16c -mattr=+fma -mattr=+xsave -mattr=+xsaveopt -mattr=+xsavec -mattr=+xsaves -mattr=+popcnt -mattr=+sha -mattr=+aes -mattr=+pclmul -mattr=+clflushopt -mattr=+fsgsbase -mattr=+rdrnd -mattr=+bmi -mattr=+bmi2 -mattr=+lzcnt -mattr=+fxsr -mattr=+pku -mattr=+gfni -mattr=+vaes -mattr=+vpclmulqdq -mattr=+adx -mattr=+clwb -mattr=+cx16 -mattr=+movbe -mattr=+pconfig -mattr=+prfchw -mattr=+rdpid -mattr=+rdseed -mattr=+sahf -mattr=+sgx -mattr=+wbnoinvd -O1 -x86-cmov-converter=0 -dwarf-directory=false -non-global-value-max-name-size=4294967295 --align-all-functions=6 -nvhpc-memzero -filetype=obj --frame-pointer=none -o CMakeFiles/cmTC_66d5f.dir/CMakeCCompilerABI.c.o]
  ignore line: [Unlinking /tmp/nvciPbwoyq6Z9jnI.il]
  ignore line: [Unlinking /tmp/nvciPbwoytm3mchy.s]
  ignore line: [Unlinking /tmp/nvciPbwoyUU0uZVh.ll]
  ignore line: [Unlinking /tmp/nvciPbwoyHK_dros.llvm]
  ignore line: [Linking C executable cmTC_66d5f]
  ignore line: [/usr/bin/cmake -E cmake_link_script CMakeFiles/cmTC_66d5f.dir/link.txt --verbose=1]
  ignore line: [/leonardo/prod/spack/5.2/install/0.21/linux-rhel8-icelake/gcc-8.5.0/nvhpc-24.3-v63z4inohb4ywjeggzhlhiuvuoejr2le/Linux_x86_64/24.3/compilers/bin/nvc  -v CMakeFiles/cmTC_66d5f.dir/CMakeCCompilerABI.c.o -o cmTC_66d5f ]
  ignore line: [Export NVCOMPILER=/leonardo/prod/spack/5.2/install/0.21/linux-rhel8-icelake/gcc-8.5.0/nvhpc-24.3-v63z4inohb4ywjeggzhlhiuvuoejr2le/Linux_x86_64/24.3]
  ignore line: [Export PGI=/leonardo/prod/spack/5.2/install/0.21/linux-rhel8-icelake/gcc-8.5.0/nvhpc-24.3-v63z4inohb4ywjeggzhlhiuvuoejr2le]
  ignore line: []
  link line: [/usr/bin/ld /usr/lib64/crt1.o /usr/lib64/crti.o /usr/lib/gcc/x86_64-redhat-linux/8//crtbegin.o --eh-frame-hdr -m elf_x86_64 -dynamic-linker /lib64/ld-linux-x86-64.so.2 -T /leonardo/prod/spack/5.2/install/0.21/linux-rhel8-icelake/gcc-8.5.0/nvhpc-24.3-v63z4inohb4ywjeggzhlhiuvuoejr2le/Linux_x86_64/24.3/compilers/lib/nvhpc.ld -L/leonardo/prod/spack/5.2/install/0.21/linux-rhel8-icelake/gcc-8.5.0/nvhpc-24.3-v63z4inohb4ywjeggzhlhiuvuoejr2le/Linux_x86_64/24.3/compilers/lib -L/leonardo/prod/spack/5.2/install/0.21/linux-rhel8-icelake/gcc-8.5.0/nvhpc-24.3-v63z4inohb4ywjeggzhlhiuvuoejr2le/Linux_x86_64/24.3/compilers/lib -L/usr/lib64 -L/usr/lib/gcc/x86_64-redhat-linux/8/ CMakeFiles/cmTC_66d5f.dir/CMakeCCompilerABI.c.o -rpath /leonardo/prod/spack/5.2/install/0.21/linux-rhel8-icelake/gcc-8.5.0/nvhpc-24.3-v63z4inohb4ywjeggzhlhiuvuoejr2le/Linux_x86_64/24.3/compilers/lib -o cmTC_66d5f -L/usr/lib/gcc/x86_64-redhat-linux/8//../../../../lib64 -lnvomp -ldl --as-needed -lnvhpcatm -latomic --no-as-needed -lpthread -lnvcpumath -lnsnvc -lnvc -lgcc -lc -lgcc_s -lm /usr/lib/gcc/x86_64-redhat-linux/8//crtend.o /usr/lib64/crtn.o]
    arg [/usr/bin/ld] ==> ignore
    arg [/usr/lib64/crt1.o] ==> obj [/usr/lib64/crt1.o]
    arg [/usr/lib64/crti.o] ==> obj [/usr/lib64/crti.o]
    arg [/usr/lib/gcc/x86_64-redhat-linux/8//crtbegin.o] ==> obj [/usr/lib/gcc/x86_64-redhat-linux/8//crtbegin.o]
    arg [--eh-frame-hdr] ==> ignore
    arg [-m] ==> ignore
    arg [elf_x86_64] ==> ignore
    arg [-dynamic-linker] ==> ignore
    arg [/lib64/ld-linux-x86-64.so.2] ==> ignore
    arg [-T] ==> ignore
    arg [/leonardo/prod/spack/5.2/install/0.21/linux-rhel8-icelake/gcc-8.5.0/nvhpc-24.3-v63z4inohb4ywjeggzhlhiuvuoejr2le/Linux_x86_64/24.3/compilers/lib/nvhpc.ld] ==> ignore
    arg [-L/leonardo/prod/spack/5.2/install/0.21/linux-rhel8-icelake/gcc-8.5.0/nvhpc-24.3-v63z4inohb4ywjeggzhlhiuvuoejr2le/Linux_x86_64/24.3/compilers/lib] ==> dir [/leonardo/prod/spack/5.2/install/0.21/linux-rhel8-icelake/gcc-8.5.0/nvhpc-24.3-v63z4inohb4ywjeggzhlhiuvuoejr2le/Linux_x86_64/24.3/compilers/lib]
    arg [-L/leonardo/prod/spack/5.2/install/0.21/linux-rhel8-icelake/gcc-8.5.0/nvhpc-24.3-v63z4inohb4ywjeggzhlhiuvuoejr2le/Linux_x86_64/24.3/compilers/lib] ==> dir [/leonardo/prod/spack/5.2/install/0.21/linux-rhel8-icelake/gcc-8.5.0/nvhpc-24.3-v63z4inohb4ywjeggzhlhiuvuoejr2le/Linux_x86_64/24.3/compilers/lib]
    arg [-L/usr/lib64] ==> dir [/usr/lib64]
    arg [-L/usr/lib/gcc/x86_64-redhat-linux/8/] ==> dir [/usr/lib/gcc/x86_64-redhat-linux/8/]
    arg [CMakeFiles/cmTC_66d5f.dir/CMakeCCompilerABI.c.o] ==> ignore
    arg [-rpath] ==> ignore
    arg [/leonardo/prod/spack/5.2/install/0.21/linux-rhel8-icelake/gcc-8.5.0/nvhpc-24.3-v63z4inohb4ywjeggzhlhiuvuoejr2le/Linux_x86_64/24.3/compilers/lib] ==> ignore
    arg [-o] ==> ignore
    arg [cmTC_66d5f] ==> ignore
    arg [-L/usr/lib/gcc/x86_64-redhat-linux/8//../../../../lib64] ==> dir [/usr/lib/gcc/x86_64-redhat-linux/8//../../../../lib64]
    arg [-lnvomp] ==> lib [nvomp]
    arg [-ldl] ==> lib [dl]
    arg [--as-needed] ==> ignore
    arg [-lnvhpcatm] ==> lib [nvhpcatm]
    arg [-latomic] ==> lib [atomic]
    arg [--no-as-needed] ==> ignore
    arg [-lpthread] ==> lib [pthread]
    arg [-lnvcpumath] ==> lib [nvcpumath]
    arg [-lnsnvc] ==> lib [nsnvc]
    arg [-lnvc] ==> lib [nvc]
    arg [-lgcc] ==> lib [gcc]
    arg [-lc] ==> lib [c]
    arg [-lgcc_s] ==> lib [gcc_s]
    arg [-lm] ==> lib [m]
    arg [/usr/lib/gcc/x86_64-redhat-linux/8//crtend.o] ==> obj [/usr/lib/gcc/x86_64-redhat-linux/8//crtend.o]
    arg [/usr/lib64/crtn.o] ==> obj [/usr/lib64/crtn.o]
  collapse obj [/usr/lib/gcc/x86_64-redhat-linux/8//crtbegin.o] ==> [/usr/lib/gcc/x86_64-redhat-linux/8/crtbegin.o]
  collapse obj [/usr/lib/gcc/x86_64-redhat-linux/8//crtend.o] ==> [/usr/lib/gcc/x86_64-redhat-linux/8/crtend.o]
  collapse library dir [/leonardo/prod/spack/5.2/install/0.21/linux-rhel8-icelake/gcc-8.5.0/nvhpc-24.3-v63z4inohb4ywjeggzhlhiuvuoejr2le/Linux_x86_64/24.3/compilers/lib] ==> [/leonardo/prod/spack/5.2/install/0.21/linux-rhel8-icelake/gcc-8.5.0/nvhpc-24.3-v63z4inohb4ywjeggzhlhiuvuoejr2le/Linux_x86_64/24.3/compilers/lib]
  collapse library dir [/leonardo/prod/spack/5.2/install/0.21/linux-rhel8-icelake/gcc-8.5.0/nvhpc-24.3-v63z4inohb4ywjeggzhlhiuvuoejr2le/Linux_x86_64/24.3/compilers/lib] ==> [/leonardo/prod/spack/5.2/install/0.21/linux-rhel8-icelake/gcc-8.5.0/nvhpc-24.3-v63z4inohb4ywjeggzhlhiuvuoejr2le/Linux_x86_64/24.3/compilers/lib]
  collapse library dir [/usr/lib64] ==> [/usr/lib64]
  collapse library dir [/usr/lib/gcc/x86_64-redhat-linux/8/] ==> [/usr/lib/gcc/x86_64-redhat-linux/8]
  collapse library dir [/usr/lib/gcc/x86_64-redhat-linux/8//../../../../lib64] ==> [/usr/lib64]
  implicit libs: [nvomp;dl;nvhpcatm;atomic;pthread;nvcpumath;nsnvc;nvc;gcc;c;gcc_s;m]
  implicit objs: [/usr/lib64/crt1.o;/usr/lib64/crti.o;/usr/lib/gcc/x86_64-redhat-linux/8/crtbegin.o;/usr/lib/gcc/x86_64-redhat-linux/8/crtend.o;/usr/lib64/crtn.o]
  implicit dirs: [/leonardo/prod/spack/5.2/install/0.21/linux-rhel8-icelake/gcc-8.5.0/nvhpc-24.3-v63z4inohb4ywjeggzhlhiuvuoejr2le/Linux_x86_64/24.3/compilers/lib;/usr/lib64;/usr/lib/gcc/x86_64-redhat-linux/8]
  implicit fwks: []


Detecting CXX compiler ABI info compiled with the following output:
Change Dir: /leonardo_scratch/large/userinternal/nshukla1/myGIT/OpenX/patch_acc/build/CMakeFiles/CMakeTmp

Run Build Command(s):/usr/bin/gmake -f Makefile cmTC_1bf6b/fast && /usr/bin/gmake  -f CMakeFiles/cmTC_1bf6b.dir/build.make CMakeFiles/cmTC_1bf6b.dir/build
gmake[1]: Entering directory '/leonardo_scratch/large/userinternal/nshukla1/myGIT/OpenX/patch_acc/build/CMakeFiles/CMakeTmp'
Building CXX object CMakeFiles/cmTC_1bf6b.dir/CMakeCXXCompilerABI.cpp.o
/leonardo/prod/spack/5.2/install/0.21/linux-rhel8-icelake/gcc-8.5.0/nvhpc-24.3-v63z4inohb4ywjeggzhlhiuvuoejr2le/Linux_x86_64/24.3/compilers/bin/nvc++   -v -o CMakeFiles/cmTC_1bf6b.dir/CMakeCXXCompilerABI.cpp.o -c /usr/share/cmake/Modules/CMakeCXXCompilerABI.cpp
Export NVCOMPILER=/leonardo/prod/spack/5.2/install/0.21/linux-rhel8-icelake/gcc-8.5.0/nvhpc-24.3-v63z4inohb4ywjeggzhlhiuvuoejr2le/Linux_x86_64/24.3
Export PGI=/leonardo/prod/spack/5.2/install/0.21/linux-rhel8-icelake/gcc-8.5.0/nvhpc-24.3-v63z4inohb4ywjeggzhlhiuvuoejr2le

/leonardo/prod/spack/5.2/install/0.21/linux-rhel8-icelake/gcc-8.5.0/nvhpc-24.3-v63z4inohb4ywjeggzhlhiuvuoejr2le/Linux_x86_64/24.3/compilers/bin/tools/nvcpfe -- --llalign -D__GNUC__=8 -D__GNUC_MINOR__=5 -D__GNUC_PATCHLEVEL__=0 -D__unix -D__unix__ -Dunix -Dlinux -D__linux -D__linux__ -D__NO_MATH_INLINES -D__LP64__ -D__x86_64 -D__x86_64__ -D__LONG_MAX__=9223372036854775807L '-D__SIZE_TYPE__=unsigned long int' '-D__PTRDIFF_TYPE__=long int' -D__amd64 -D__amd64__ -D__k8 -D__k8__ -D__MMX__ -D__SSE_MATH__ -D__MMX_WITH_SSE__ -D__SSE__ -D__SSE2__ -D__SSE2_MATH__ -D__SSE3__ -D__SSSE3__ -D__SSE4_1__ -D__SSE4_2__ -D__ABM__ -D__ADX__ -D__AES__ -D__AVX__ -D__AVX2__ -D__AVX512BITALG__ -D__AVX512BW__ -D__AVX512CD__ -D__AVX512DQ__ -D__AVX512F__ -D__AVX512IFMA__ -D__AVX512VBMI__ -D__AVX512VBMI2__ -D__AVX512VL__ -D__AVX512VNNI__ -D__AVX512VPOPCNTDQ__ -D__BMI__ -D__BMI2__ -D__CLFLUSHOPT__ -D__CLWB__ -D__CX16__ -D__F16C__ -D__FMA__ -D__FSGSBASE__ -D__FXSR__ -D__GFNI__ -D__LZCNT__ -D__MOVBE__ -D__PCLMUL__ -D__PCONFIG__ -D__PKU__ -D__POPCNT__ -D__PRFCHW__ -D__RDPID__ -D__RDRND__ -D__RDSEED__ -D__LAHF_SAHF__ -D__SGX__ -D__SHA__ -D__VAES__ -D__VPCLMULQDQ__ -D__WBNOINVD__ -D__XSAVE__ -D__XSAVEC__ -D__XSAVEOPT__ -D__XSAVES__ -D__PGI -D__NVCOMPILER -D_GNU_SOURCE -D_PGCG_SOURCE -I- -I/leonardo/prod/spack/5.2/install/0.21/linux-rhel8-icelake/gcc-8.5.0/nvhpc-24.3-v63z4inohb4ywjeggzhlhiuvuoejr2le/Linux_x86_64/24.3/math_libs/include --sys_include /leonardo/prod/spack/5.2/install/0.21/linux-rhel8-icelake/gcc-8.5.0/nvhpc-24.3-v63z4inohb4ywjeggzhlhiuvuoejr2le/Linux_x86_64/24.3/compilers/include --sys_include /leonardo/prod/spack/5.2/install/0.21/linux-rhel8-icelake/gcc-8.5.0/nvhpc-24.3-v63z4inohb4ywjeggzhlhiuvuoejr2le/Linux_x86_64/24.3/compilers/include-stdexec --sys_include /usr/lib/gcc/x86_64-redhat-linux/8/../../../../include/c++/8 --sys_include /usr/lib/gcc/x86_64-redhat-linux/8/../../../../include/c++/8/x86_64-redhat-linux --sys_include /usr/lib/gcc/x86_64-redhat-linux/8/../../../../include/c++/8/backward --sys_include /usr/lib/gcc/x86_64-redhat-linux/8/include --sys_include /usr/local/include --sys_include /usr/include -D__PGLLVM__ -D__NVCOMPILER_LLVM__ -D__extension__= --preinclude _cplus_preinclude.h --preinclude_macros _cplus_macros.h --gnu_version=80500 -D__pgnu_vsn=80500 --no_fixed_bp -q -o /tmp/nvc++aZbwoaXg3AoO3.il /usr/share/cmake/Modules/CMakeCXXCompilerABI.cpp -- /usr/share/cmake/Modules/CMakeCXXCompilerABI.cpp -opt 1 -x 119 0xa10000 -x 122 0x40 -x 123 0x1000 -x 127 4 -x 127 17 -x 19 0x400000 -x 28 0x40000 -x 120 0x10000000 -x 70 0x8000 -x 122 1 -x 125 0x20000 -quad -x 59 4 -tp icelake-server -x 120 0x1000 -astype 0 -x 121 1 -fn /usr/share/cmake/Modules/CMakeCXXCompilerABI.cpp -il /tmp/nvc++aZbwoaXg3AoO3.il -x 117 0x200 -x 123 0x80000000 -x 123 4 -x 2 0x400 -x 209 0x10 -x 119 0x20 -def __pgnu_vsn=80500 -x 70 0x40000000 -x 183 4 -x 121 0x800 -x 6 0x20000 -x 249 170 -x 120 0x200000 -x 70 0x40000000 -x 8 0x40000000 -x 164 0x800000 -x 71 0x2000 -x 71 0x4000 -x 34 0x40000000 -x 120 0x1000000 -x 73 0x04 -x 231 0x800 -x 68 0x1 -x 39 4 -x 56 0x10 -x 26 0x10 -x 26 1 -x 56 0x4000 -x 197 0 -x 175 0 -x 203 0 -x 204 0 -x 227 0xFFFF -y 163 0xc0000000 -x 189 0x10 -y 189 0x4000000 -x 60 512 -gnuvsn 80500 -x 69 0x200 -x 123 0x400 -cmdline '+nvc++ /usr/share/cmake/Modules/CMakeCXXCompilerABI.cpp -v -o CMakeFiles/cmTC_1bf6b.dir/CMakeCXXCompilerABI.cpp.o -c' -asm /tmp/nvc++aZbwoabKVIDqC.ll
NVC++/x86-64 Linux 24.3-0: compilation successful

/leonardo/prod/spack/5.2/install/0.21/linux-rhel8-icelake/gcc-8.5.0/nvhpc-24.3-v63z4inohb4ywjeggzhlhiuvuoejr2le/Linux_x86_64/24.3/compilers/share/llvm/bin/llc /tmp/nvc++aZbwoabKVIDqC.ll -march=x86-64 -mcpu=native -mattr=+mmx -mattr=+sse -mattr=+sse2 -mattr=+sse3 -mattr=+ssse3 -mattr=+sse4.1 -mattr=+sse4.2 -mattr=+avx -mattr=+avx2 -mattr=+avx512f -mattr=+avx512cd -mattr=+avx512vl -mattr=+avx512bw -mattr=+avx512dq -mattr=+avx512ifma -mattr=+avx512vbmi -mattr=+avx512vbmi2 -mattr=+avx512bitalg -mattr=+avx512vpopcntdq -mattr=+avx512vnni -mattr=+f16c -mattr=+fma -mattr=+xsave -mattr=+xsaveopt -mattr=+xsavec -mattr=+xsaves -mattr=+popcnt -mattr=+sha -mattr=+aes -mattr=+pclmul -mattr=+clflushopt -mattr=+fsgsbase -mattr=+rdrnd -mattr=+bmi -mattr=+bmi2 -mattr=+lzcnt -mattr=+fxsr -mattr=+pku -mattr=+gfni -mattr=+vaes -mattr=+vpclmulqdq -mattr=+adx -mattr=+clwb -mattr=+cx16 -mattr=+movbe -mattr=+pconfig -mattr=+prfchw -mattr=+rdpid -mattr=+rdseed -mattr=+sahf -mattr=+sgx -mattr=+wbnoinvd -O1 -x86-cmov-converter=0 -dwarf-directory=false -non-global-value-max-name-size=4294967295 --align-all-functions=6 -nvhpc-memzero -filetype=obj --frame-pointer=none -o CMakeFiles/cmTC_1bf6b.dir/CMakeCXXCompilerABI.cpp.o
Unlinking /tmp/nvc++aZbwoaXg3AoO3.il
Unlinking /tmp/nvc++aZbwoa58pQ1k9.s
Unlinking /tmp/nvc++aZbwoabKVIDqC.ll
Unlinking /tmp/nvc++aZbwoajemIWZ2.llvm
Linking CXX executable cmTC_1bf6b
/usr/bin/cmake -E cmake_link_script CMakeFiles/cmTC_1bf6b.dir/link.txt --verbose=1
/leonardo/prod/spack/5.2/install/0.21/linux-rhel8-icelake/gcc-8.5.0/nvhpc-24.3-v63z4inohb4ywjeggzhlhiuvuoejr2le/Linux_x86_64/24.3/compilers/bin/nvc++  -v CMakeFiles/cmTC_1bf6b.dir/CMakeCXXCompilerABI.cpp.o -o cmTC_1bf6b 
Export NVCOMPILER=/leonardo/prod/spack/5.2/install/0.21/linux-rhel8-icelake/gcc-8.5.0/nvhpc-24.3-v63z4inohb4ywjeggzhlhiuvuoejr2le/Linux_x86_64/24.3
Export PGI=/leonardo/prod/spack/5.2/install/0.21/linux-rhel8-icelake/gcc-8.5.0/nvhpc-24.3-v63z4inohb4ywjeggzhlhiuvuoejr2le

/usr/bin/ld /usr/lib64/crt1.o /usr/lib64/crti.o /usr/lib/gcc/x86_64-redhat-linux/8//crtbegin.o --eh-frame-hdr -m elf_x86_64 -dynamic-linker /lib64/ld-linux-x86-64.so.2 -T /leonardo/prod/spack/5.2/install/0.21/linux-rhel8-icelake/gcc-8.5.0/nvhpc-24.3-v63z4inohb4ywjeggzhlhiuvuoejr2le/Linux_x86_64/24.3/compilers/lib/nvhpc.ld -L/leonardo/prod/spack/5.2/install/0.21/linux-rhel8-icelake/gcc-8.5.0/nvhpc-24.3-v63z4inohb4ywjeggzhlhiuvuoejr2le/Linux_x86_64/24.3/compilers/lib -L/leonardo/prod/spack/5.2/install/0.21/linux-rhel8-icelake/gcc-8.5.0/nvhpc-24.3-v63z4inohb4ywjeggzhlhiuvuoejr2le/Linux_x86_64/24.3/compilers/lib -L/usr/lib64 -L/usr/lib/gcc/x86_64-redhat-linux/8/ CMakeFiles/cmTC_1bf6b.dir/CMakeCXXCompilerABI.cpp.o -rpath /leonardo/prod/spack/5.2/install/0.21/linux-rhel8-icelake/gcc-8.5.0/nvhpc-24.3-v63z4inohb4ywjeggzhlhiuvuoejr2le/Linux_x86_64/24.3/compilers/lib -o cmTC_1bf6b -L/usr/lib/gcc/x86_64-redhat-linux/8//../../../../lib64 -latomic -lnvhpcatm -lstdc++ -lnvomp -ldl --as-needed -lnvhpcatm -latomic --no-as-needed -lpthread -lnvcpumath -lnsnvc -lnvc -lgcc -lc -lgcc_s -lm /usr/lib/gcc/x86_64-redhat-linux/8//crtend.o /usr/lib64/crtn.o
gmake[1]: Leaving directory '/leonardo_scratch/large/userinternal/nshukla1/myGIT/OpenX/patch_acc/build/CMakeFiles/CMakeTmp'



Parsed CXX implicit include dir info from above output: rv=start
  warn: unable to parse implicit include dirs!


Parsed CXX implicit link information from above output:
  link line regex: [^( *|.*[/\])(ld|CMAKE_LINK_STARTFILE-NOTFOUND|([^/\]+-)?ld|collect2)[^/\]*( |$)]
  ignore line: [Change Dir: /leonardo_scratch/large/userinternal/nshukla1/myGIT/OpenX/patch_acc/build/CMakeFiles/CMakeTmp]
  ignore line: []
  ignore line: [Run Build Command(s):/usr/bin/gmake -f Makefile cmTC_1bf6b/fast && /usr/bin/gmake  -f CMakeFiles/cmTC_1bf6b.dir/build.make CMakeFiles/cmTC_1bf6b.dir/build]
  ignore line: [gmake[1]: Entering directory '/leonardo_scratch/large/userinternal/nshukla1/myGIT/OpenX/patch_acc/build/CMakeFiles/CMakeTmp']
  ignore line: [Building CXX object CMakeFiles/cmTC_1bf6b.dir/CMakeCXXCompilerABI.cpp.o]
  ignore line: [/leonardo/prod/spack/5.2/install/0.21/linux-rhel8-icelake/gcc-8.5.0/nvhpc-24.3-v63z4inohb4ywjeggzhlhiuvuoejr2le/Linux_x86_64/24.3/compilers/bin/nvc++   -v -o CMakeFiles/cmTC_1bf6b.dir/CMakeCXXCompilerABI.cpp.o -c /usr/share/cmake/Modules/CMakeCXXCompilerABI.cpp]
  ignore line: [Export NVCOMPILER=/leonardo/prod/spack/5.2/install/0.21/linux-rhel8-icelake/gcc-8.5.0/nvhpc-24.3-v63z4inohb4ywjeggzhlhiuvuoejr2le/Linux_x86_64/24.3]
  ignore line: [Export PGI=/leonardo/prod/spack/5.2/install/0.21/linux-rhel8-icelake/gcc-8.5.0/nvhpc-24.3-v63z4inohb4ywjeggzhlhiuvuoejr2le]
  ignore line: []
  ignore line: [/leonardo/prod/spack/5.2/install/0.21/linux-rhel8-icelake/gcc-8.5.0/nvhpc-24.3-v63z4inohb4ywjeggzhlhiuvuoejr2le/Linux_x86_64/24.3/compilers/bin/tools/nvcpfe -- --llalign -D__GNUC__=8 -D__GNUC_MINOR__=5 -D__GNUC_PATCHLEVEL__=0 -D__unix -D__unix__ -Dunix -Dlinux -D__linux -D__linux__ -D__NO_MATH_INLINES -D__LP64__ -D__x86_64 -D__x86_64__ -D__LONG_MAX__=9223372036854775807L '-D__SIZE_TYPE__=unsigned long int' '-D__PTRDIFF_TYPE__=long int' -D__amd64 -D__amd64__ -D__k8 -D__k8__ -D__MMX__ -D__SSE_MATH__ -D__MMX_WITH_SSE__ -D__SSE__ -D__SSE2__ -D__SSE2_MATH__ -D__SSE3__ -D__SSSE3__ -D__SSE4_1__ -D__SSE4_2__ -D__ABM__ -D__ADX__ -D__AES__ -D__AVX__ -D__AVX2__ -D__AVX512BITALG__ -D__AVX512BW__ -D__AVX512CD__ -D__AVX512DQ__ -D__AVX512F__ -D__AVX512IFMA__ -D__AVX512VBMI__ -D__AVX512VBMI2__ -D__AVX512VL__ -D__AVX512VNNI__ -D__AVX512VPOPCNTDQ__ -D__BMI__ -D__BMI2__ -D__CLFLUSHOPT__ -D__CLWB__ -D__CX16__ -D__F16C__ -D__FMA__ -D__FSGSBASE__ -D__FXSR__ -D__GFNI__ -D__LZCNT__ -D__MOVBE__ -D__PCLMUL__ -D__PCONFIG__ -D__PKU__ -D__POPCNT__ -D__PRFCHW__ -D__RDPID__ -D__RDRND__ -D__RDSEED__ -D__LAHF_SAHF__ -D__SGX__ -D__SHA__ -D__VAES__ -D__VPCLMULQDQ__ -D__WBNOINVD__ -D__XSAVE__ -D__XSAVEC__ -D__XSAVEOPT__ -D__XSAVES__ -D__PGI -D__NVCOMPILER -D_GNU_SOURCE -D_PGCG_SOURCE -I- -I/leonardo/prod/spack/5.2/install/0.21/linux-rhel8-icelake/gcc-8.5.0/nvhpc-24.3-v63z4inohb4ywjeggzhlhiuvuoejr2le/Linux_x86_64/24.3/math_libs/include --sys_include /leonardo/prod/spack/5.2/install/0.21/linux-rhel8-icelake/gcc-8.5.0/nvhpc-24.3-v63z4inohb4ywjeggzhlhiuvuoejr2le/Linux_x86_64/24.3/compilers/include --sys_include /leonardo/prod/spack/5.2/install/0.21/linux-rhel8-icelake/gcc-8.5.0/nvhpc-24.3-v63z4inohb4ywjeggzhlhiuvuoejr2le/Linux_x86_64/24.3/compilers/include-stdexec --sys_include /usr/lib/gcc/x86_64-redhat-linux/8/../../../../include/c++/8 --sys_include /usr/lib/gcc/x86_64-redhat-linux/8/../../../../include/c++/8/x86_64-redhat-linux --sys_include /usr/lib/gcc/x86_64-redhat-linux/8/../../../../include/c++/8/backward --sys_include /usr/lib/gcc/x86_64-redhat-linux/8/include --sys_include /usr/local/include --sys_include /usr/include -D__PGLLVM__ -D__NVCOMPILER_LLVM__ -D__extension__= --preinclude _cplus_preinclude.h --preinclude_macros _cplus_macros.h --gnu_version=80500 -D__pgnu_vsn=80500 --no_fixed_bp -q -o /tmp/nvc++aZbwoaXg3AoO3.il /usr/share/cmake/Modules/CMakeCXXCompilerABI.cpp -- /usr/share/cmake/Modules/CMakeCXXCompilerABI.cpp -opt 1 -x 119 0xa10000 -x 122 0x40 -x 123 0x1000 -x 127 4 -x 127 17 -x 19 0x400000 -x 28 0x40000 -x 120 0x10000000 -x 70 0x8000 -x 122 1 -x 125 0x20000 -quad -x 59 4 -tp icelake-server -x 120 0x1000 -astype 0 -x 121 1 -fn /usr/share/cmake/Modules/CMakeCXXCompilerABI.cpp -il /tmp/nvc++aZbwoaXg3AoO3.il -x 117 0x200 -x 123 0x80000000 -x 123 4 -x 2 0x400 -x 209 0x10 -x 119 0x20 -def __pgnu_vsn=80500 -x 70 0x40000000 -x 183 4 -x 121 0x800 -x 6 0x20000 -x 249 170 -x 120 0x200000 -x 70 0x40000000 -x 8 0x40000000 -x 164 0x800000 -x 71 0x2000 -x 71 0x4000 -x 34 0x40000000 -x 120 0x1000000 -x 73 0x04 -x 231 0x800 -x 68 0x1 -x 39 4 -x 56 0x10 -x 26 0x10 -x 26 1 -x 56 0x4000 -x 197 0 -x 175 0 -x 203 0 -x 204 0 -x 227 0xFFFF -y 163 0xc0000000 -x 189 0x10 -y 189 0x4000000 -x 60 512 -gnuvsn 80500 -x 69 0x200 -x 123 0x400 -cmdline '+nvc++ /usr/share/cmake/Modules/CMakeCXXCompilerABI.cpp -v -o CMakeFiles/cmTC_1bf6b.dir/CMakeCXXCompilerABI.cpp.o -c' -asm /tmp/nvc++aZbwoabKVIDqC.ll]
  ignore line: [NVC++/x86-64 Linux 24.3-0: compilation successful]
  ignore line: []
  ignore line: [/leonardo/prod/spack/5.2/install/0.21/linux-rhel8-icelake/gcc-8.5.0/nvhpc-24.3-v63z4inohb4ywjeggzhlhiuvuoejr2le/Linux_x86_64/24.3/compilers/share/llvm/bin/llc /tmp/nvc++aZbwoabKVIDqC.ll -march=x86-64 -mcpu=native -mattr=+mmx -mattr=+sse -mattr=+sse2 -mattr=+sse3 -mattr=+ssse3 -mattr=+sse4.1 -mattr=+sse4.2 -mattr=+avx -mattr=+avx2 -mattr=+avx512f -mattr=+avx512cd -mattr=+avx512vl -mattr=+avx512bw -mattr=+avx512dq -mattr=+avx512ifma -mattr=+avx512vbmi -mattr=+avx512vbmi2 -mattr=+avx512bitalg -mattr=+avx512vpopcntdq -mattr=+avx512vnni -mattr=+f16c -mattr=+fma -mattr=+xsave -mattr=+xsaveopt -mattr=+xsavec -mattr=+xsaves -mattr=+popcnt -mattr=+sha -mattr=+aes -mattr=+pclmul -mattr=+clflushopt -mattr=+fsgsbase -mattr=+rdrnd -mattr=+bmi -mattr=+bmi2 -mattr=+lzcnt -mattr=+fxsr -mattr=+pku -mattr=+gfni -mattr=+vaes -mattr=+vpclmulqdq -mattr=+adx -mattr=+clwb -mattr=+cx16 -mattr=+movbe -mattr=+pconfig -mattr=+prfchw -mattr=+rdpid -mattr=+rdseed -mattr=+sahf -mattr=+sgx -mattr=+wbnoinvd -O1 -x86-cmov-converter=0 -dwarf-directory=false -non-global-value-max-name-size=4294967295 --align-all-functions=6 -nvhpc-memzero -filetype=obj --frame-pointer=none -o CMakeFiles/cmTC_1bf6b.dir/CMakeCXXCompilerABI.cpp.o]
  ignore line: [Unlinking /tmp/nvc++aZbwoaXg3AoO3.il]
  ignore line: [Unlinking /tmp/nvc++aZbwoa58pQ1k9.s]
  ignore line: [Unlinking /tmp/nvc++aZbwoabKVIDqC.ll]
  ignore line: [Unlinking /tmp/nvc++aZbwoajemIWZ2.llvm]
  ignore line: [Linking CXX executable cmTC_1bf6b]
  ignore line: [/usr/bin/cmake -E cmake_link_script CMakeFiles/cmTC_1bf6b.dir/link.txt --verbose=1]
  ignore line: [/leonardo/prod/spack/5.2/install/0.21/linux-rhel8-icelake/gcc-8.5.0/nvhpc-24.3-v63z4inohb4ywjeggzhlhiuvuoejr2le/Linux_x86_64/24.3/compilers/bin/nvc++  -v CMakeFiles/cmTC_1bf6b.dir/CMakeCXXCompilerABI.cpp.o -o cmTC_1bf6b ]
  ignore line: [Export NVCOMPILER=/leonardo/prod/spack/5.2/install/0.21/linux-rhel8-icelake/gcc-8.5.0/nvhpc-24.3-v63z4inohb4ywjeggzhlhiuvuoejr2le/Linux_x86_64/24.3]
  ignore line: [Export PGI=/leonardo/prod/spack/5.2/install/0.21/linux-rhel8-icelake/gcc-8.5.0/nvhpc-24.3-v63z4inohb4ywjeggzhlhiuvuoejr2le]
  ignore line: []
  link line: [/usr/bin/ld /usr/lib64/crt1.o /usr/lib64/crti.o /usr/lib/gcc/x86_64-redhat-linux/8//crtbegin.o --eh-frame-hdr -m elf_x86_64 -dynamic-linker /lib64/ld-linux-x86-64.so.2 -T /leonardo/prod/spack/5.2/install/0.21/linux-rhel8-icelake/gcc-8.5.0/nvhpc-24.3-v63z4inohb4ywjeggzhlhiuvuoejr2le/Linux_x86_64/24.3/compilers/lib/nvhpc.ld -L/leonardo/prod/spack/5.2/install/0.21/linux-rhel8-icelake/gcc-8.5.0/nvhpc-24.3-v63z4inohb4ywjeggzhlhiuvuoejr2le/Linux_x86_64/24.3/compilers/lib -L/leonardo/prod/spack/5.2/install/0.21/linux-rhel8-icelake/gcc-8.5.0/nvhpc-24.3-v63z4inohb4ywjeggzhlhiuvuoejr2le/Linux_x86_64/24.3/compilers/lib -L/usr/lib64 -L/usr/lib/gcc/x86_64-redhat-linux/8/ CMakeFiles/cmTC_1bf6b.dir/CMakeCXXCompilerABI.cpp.o -rpath /leonardo/prod/spack/5.2/install/0.21/linux-rhel8-icelake/gcc-8.5.0/nvhpc-24.3-v63z4inohb4ywjeggzhlhiuvuoejr2le/Linux_x86_64/24.3/compilers/lib -o cmTC_1bf6b -L/usr/lib/gcc/x86_64-redhat-linux/8//../../../../lib64 -latomic -lnvhpcatm -lstdc++ -lnvomp -ldl --as-needed -lnvhpcatm -latomic --no-as-needed -lpthread -lnvcpumath -lnsnvc -lnvc -lgcc -lc -lgcc_s -lm /usr/lib/gcc/x86_64-redhat-linux/8//crtend.o /usr/lib64/crtn.o]
    arg [/usr/bin/ld] ==> ignore
    arg [/usr/lib64/crt1.o] ==> obj [/usr/lib64/crt1.o]
    arg [/usr/lib64/crti.o] ==> obj [/usr/lib64/crti.o]
    arg [/usr/lib/gcc/x86_64-redhat-linux/8//crtbegin.o] ==> obj [/usr/lib/gcc/x86_64-redhat-linux/8//crtbegin.o]
    arg [--eh-frame-hdr] ==> ignore
    arg [-m] ==> ignore
    arg [elf_x86_64] ==> ignore
    arg [-dynamic-linker] ==> ignore
    arg [/lib64/ld-linux-x86-64.so.2] ==> ignore
    arg [-T] ==> ignore
    arg [/leonardo/prod/spack/5.2/install/0.21/linux-rhel8-icelake/gcc-8.5.0/nvhpc-24.3-v63z4inohb4ywjeggzhlhiuvuoejr2le/Linux_x86_64/24.3/compilers/lib/nvhpc.ld] ==> ignore
    arg [-L/leonardo/prod/spack/5.2/install/0.21/linux-rhel8-icelake/gcc-8.5.0/nvhpc-24.3-v63z4inohb4ywjeggzhlhiuvuoejr2le/Linux_x86_64/24.3/compilers/lib] ==> dir [/leonardo/prod/spack/5.2/install/0.21/linux-rhel8-icelake/gcc-8.5.0/nvhpc-24.3-v63z4inohb4ywjeggzhlhiuvuoejr2le/Linux_x86_64/24.3/compilers/lib]
    arg [-L/leonardo/prod/spack/5.2/install/0.21/linux-rhel8-icelake/gcc-8.5.0/nvhpc-24.3-v63z4inohb4ywjeggzhlhiuvuoejr2le/Linux_x86_64/24.3/compilers/lib] ==> dir [/leonardo/prod/spack/5.2/install/0.21/linux-rhel8-icelake/gcc-8.5.0/nvhpc-24.3-v63z4inohb4ywjeggzhlhiuvuoejr2le/Linux_x86_64/24.3/compilers/lib]
    arg [-L/usr/lib64] ==> dir [/usr/lib64]
    arg [-L/usr/lib/gcc/x86_64-redhat-linux/8/] ==> dir [/usr/lib/gcc/x86_64-redhat-linux/8/]
    arg [CMakeFiles/cmTC_1bf6b.dir/CMakeCXXCompilerABI.cpp.o] ==> ignore
    arg [-rpath] ==> ignore
    arg [/leonardo/prod/spack/5.2/install/0.21/linux-rhel8-icelake/gcc-8.5.0/nvhpc-24.3-v63z4inohb4ywjeggzhlhiuvuoejr2le/Linux_x86_64/24.3/compilers/lib] ==> ignore
    arg [-o] ==> ignore
    arg [cmTC_1bf6b] ==> ignore
    arg [-L/usr/lib/gcc/x86_64-redhat-linux/8//../../../../lib64] ==> dir [/usr/lib/gcc/x86_64-redhat-linux/8//../../../../lib64]
    arg [-latomic] ==> lib [atomic]
    arg [-lnvhpcatm] ==> lib [nvhpcatm]
    arg [-lstdc++] ==> lib [stdc++]
    arg [-lnvomp] ==> lib [nvomp]
    arg [-ldl] ==> lib [dl]
    arg [--as-needed] ==> ignore
    arg [-lnvhpcatm] ==> lib [nvhpcatm]
    arg [-latomic] ==> lib [atomic]
    arg [--no-as-needed] ==> ignore
    arg [-lpthread] ==> lib [pthread]
    arg [-lnvcpumath] ==> lib [nvcpumath]
    arg [-lnsnvc] ==> lib [nsnvc]
    arg [-lnvc] ==> lib [nvc]
    arg [-lgcc] ==> lib [gcc]
    arg [-lc] ==> lib [c]
    arg [-lgcc_s] ==> lib [gcc_s]
    arg [-lm] ==> lib [m]
    arg [/usr/lib/gcc/x86_64-redhat-linux/8//crtend.o] ==> obj [/usr/lib/gcc/x86_64-redhat-linux/8//crtend.o]
    arg [/usr/lib64/crtn.o] ==> obj [/usr/lib64/crtn.o]
  collapse obj [/usr/lib/gcc/x86_64-redhat-linux/8//crtbegin.o] ==> [/usr/lib/gcc/x86_64-redhat-linux/8/crtbegin.o]
  collapse obj [/usr/lib/gcc/x86_64-redhat-linux/8//crtend.o] ==> [/usr/lib/gcc/x86_64-redhat-linux/8/crtend.o]
  collapse library dir [/leonardo/prod/spack/5.2/install/0.21/linux-rhel8-icelake/gcc-8.5.0/nvhpc-24.3-v63z4inohb4ywjeggzhlhiuvuoejr2le/Linux_x86_64/24.3/compilers/lib] ==> [/leonardo/prod/spack/5.2/install/0.21/linux-rhel8-icelake/gcc-8.5.0/nvhpc-24.3-v63z4inohb4ywjeggzhlhiuvuoejr2le/Linux_x86_64/24.3/compilers/lib]
  collapse library dir [/leonardo/prod/spack/5.2/install/0.21/linux-rhel8-icelake/gcc-8.5.0/nvhpc-24.3-v63z4inohb4ywjeggzhlhiuvuoejr2le/Linux_x86_64/24.3/compilers/lib] ==> [/leonardo/prod/spack/5.2/install/0.21/linux-rhel8-icelake/gcc-8.5.0/nvhpc-24.3-v63z4inohb4ywjeggzhlhiuvuoejr2le/Linux_x86_64/24.3/compilers/lib]
  collapse library dir [/usr/lib64] ==> [/usr/lib64]
  collapse library dir [/usr/lib/gcc/x86_64-redhat-linux/8/] ==> [/usr/lib/gcc/x86_64-redhat-linux/8]
  collapse library dir [/usr/lib/gcc/x86_64-redhat-linux/8//../../../../lib64] ==> [/usr/lib64]
  implicit libs: [atomic;nvhpcatm;stdc++;nvomp;dl;nvhpcatm;atomic;pthread;nvcpumath;nsnvc;nvc;gcc;c;gcc_s;m]
  implicit objs: [/usr/lib64/crt1.o;/usr/lib64/crti.o;/usr/lib/gcc/x86_64-redhat-linux/8/crtbegin.o;/usr/lib/gcc/x86_64-redhat-linux/8/crtend.o;/usr/lib64/crtn.o]
  implicit dirs: [/leonardo/prod/spack/5.2/install/0.21/linux-rhel8-icelake/gcc-8.5.0/nvhpc-24.3-v63z4inohb4ywjeggzhlhiuvuoejr2le/Linux_x86_64/24.3/compilers/lib;/usr/lib64;/usr/lib/gcc/x86_64-redhat-linux/8]
  implicit fwks: []


